<?xml version="1.0" encoding="utf-8" standalone="no"?>
<!--This file represents the results of running a test suite-->
<test-results name="D:\projects\mars_rovers_project\src\mars_rovers_project.tests\bin\Debug\mars_rovers_project.tests.dll" total="30" errors="0" failures="1" not-run="0" inconclusive="0" ignored="0" skipped="0" invalid="0" date="2014-06-05" time="21:01:23">
  <environment nunit-version="2.5.10.11092" clr-version="4.0.30319.18449" os-version="Microsoft Windows NT 6.2.9200.0" platform="Win32NT" cwd="C:\Program Files (x86)\Microsoft Visual Studio 11.0\Common7\IDE" machine-name="PADEV1980" user="dvanteru" user-domain="PHOENIX" />
  <culture-info current-culture="en-GB" current-uiculture="en-US" />
  <test-suite type="Assembly" name="D:\projects\mars_rovers_project\src\mars_rovers_project.tests\bin\Debug\mars_rovers_project.tests.dll" executed="True" result="Failure" success="False" time="0.687" asserts="0">
    <results>
      <test-suite type="Namespace" name="mars_rovers_project" executed="True" result="Failure" success="False" time="0.683" asserts="0">
        <results>
          <test-suite type="Namespace" name="tests" executed="True" result="Failure" success="False" time="0.683" asserts="0">
            <results>
              <test-suite type="TestFixture" name="instance_concern" executed="True" result="Success" success="True" time="0.205" asserts="0">
                <results>
                  <test-case name="mars_rovers_project.tests.instance_concern.given_a_class_should_return_instance" executed="True" result="Success" success="True" time="0.093" asserts="1" />
                </results>
              </test-suite>
              <test-suite type="Namespace" name="plateau" executed="True" result="Success" success="True" time="0.230" asserts="0">
                <results>
                  <test-suite type="TestFixture" name="plateau_factory_concern" executed="True" result="Inconclusive" success="False" time="0.000" asserts="0" />
                  <test-suite type="TestFixture" name="plateau_factory_concern+when_factory_is_asked_to_create_plateau" executed="True" result="Success" success="True" time="0.008" asserts="0">
                    <results>
                      <test-case name="mars_rovers_project.tests.plateau.plateau_factory_concern+when_factory_is_asked_to_create_plateau.should_return_a_new_instance_with_given_coordinates" executed="True" result="Success" success="True" time="0.007" asserts="2" />
                    </results>
                  </test-suite>
                  <test-suite type="TestFixture" name="plateau_tasks_concern" executed="True" result="Inconclusive" success="False" time="0.000" asserts="0" />
                  <test-suite type="TestFixture" name="plateau_tasks_concern+when_the_factory_is_asked_to_create_plateau" executed="True" result="Success" success="True" time="0.216" asserts="0">
                    <results>
                      <test-case name="mars_rovers_project.tests.plateau.plateau_tasks_concern+when_the_factory_is_asked_to_create_plateau.should_ask_plateau_factory" executed="True" result="Success" success="True" time="0.208" asserts="0" />
                      <test-case name="mars_rovers_project.tests.plateau.plateau_tasks_concern+when_the_factory_is_asked_to_create_plateau.should_validate_the_coordinates_to_be_positive_integers" executed="True" result="Success" success="True" time="0.003" asserts="0" />
                    </results>
                  </test-suite>
                </results>
              </test-suite>
              <test-suite type="Namespace" name="Rovers" executed="True" result="Failure" success="False" time="0.224" asserts="0">
                <results>
                  <test-suite type="TestFixture" name="compass_concern" executed="True" result="Success" success="True" time="0.013" asserts="0">
                    <results>
                      <test-case name="mars_rovers_project.tests.Rovers.compass_concern.Should_head_north_given_character_n" executed="True" result="Success" success="True" time="0.003" asserts="3" />
                      <test-case name="mars_rovers_project.tests.Rovers.compass_concern.should_head_south_given_character_e" executed="True" result="Success" success="True" time="0.000" asserts="3" />
                      <test-case name="mars_rovers_project.tests.Rovers.compass_concern.should_head_south_given_character_s" executed="True" result="Success" success="True" time="0.000" asserts="3" />
                      <test-case name="mars_rovers_project.tests.Rovers.compass_concern.should_head_south_given_character_w" executed="True" result="Success" success="True" time="0.000" asserts="3" />
                    </results>
                  </test-suite>
                  <test-suite type="TestFixture" name="mars_rovers_acceptance_criteria" executed="True" result="Inconclusive" success="False" time="0.000" asserts="0" />
                  <test-suite type="TestFixture" name="mars_rovers_acceptance_criteria+given_the_first_rover_input_provided_in_the_problem" executed="True" result="Success" success="True" time="0.011" asserts="0">
                    <results>
                      <test-case name="mars_rovers_project.tests.Rovers.mars_rovers_acceptance_criteria+given_the_first_rover_input_provided_in_the_problem.direction_of_rover" executed="True" result="Success" success="True" time="0.005" asserts="1" />
                      <test-case name="mars_rovers_project.tests.Rovers.mars_rovers_acceptance_criteria+given_the_first_rover_input_provided_in_the_problem.point_x_of_the_current_position_of_rover" executed="True" result="Success" success="True" time="0.001" asserts="1" />
                      <test-case name="mars_rovers_project.tests.Rovers.mars_rovers_acceptance_criteria+given_the_first_rover_input_provided_in_the_problem.point_y_of_the_current_position_of_rover" executed="True" result="Success" success="True" time="0.000" asserts="1" />
                    </results>
                  </test-suite>
                  <test-suite type="TestFixture" name="mars_rovers_acceptance_criteria+given_the_second_rover_input_provided_in_the_problem" executed="True" result="Success" success="True" time="0.006" asserts="0">
                    <results>
                      <test-case name="mars_rovers_project.tests.Rovers.mars_rovers_acceptance_criteria+given_the_second_rover_input_provided_in_the_problem.direction_of_rover" executed="True" result="Success" success="True" time="0.001" asserts="1" />
                      <test-case name="mars_rovers_project.tests.Rovers.mars_rovers_acceptance_criteria+given_the_second_rover_input_provided_in_the_problem.point_x_of_the_current_position_of_rover" executed="True" result="Success" success="True" time="0.001" asserts="1" />
                      <test-case name="mars_rovers_project.tests.Rovers.mars_rovers_acceptance_criteria+given_the_second_rover_input_provided_in_the_problem.point_y_of_the_current_position_of_rover" executed="True" result="Success" success="True" time="0.001" asserts="1" />
                    </results>
                  </test-suite>
                  <test-suite type="TestFixture" name="rover_concern" executed="True" result="Success" success="True" time="0.008" asserts="0">
                    <results>
                      <test-case name="mars_rovers_project.tests.Rovers.rover_concern.Should_be_able_to_assign_heading_to_rover" executed="True" result="Success" success="True" time="0.000" asserts="1" />
                      <test-case name="mars_rovers_project.tests.Rovers.rover_concern.Should_be_able_to_create_a_rover" executed="True" result="Success" success="True" time="0.000" asserts="1" />
                      <test-case name="mars_rovers_project.tests.Rovers.rover_concern.Should_have_coordinates" executed="True" result="Success" success="True" time="0.001" asserts="2" />
                    </results>
                  </test-suite>
                  <test-suite type="TestFixture" name="rover_deploy_and_moves_concern" executed="True" result="Failure" success="False" time="0.008" asserts="0">
                    <results>
                      <test-case name="mars_rovers_project.tests.Rovers.rover_deploy_and_moves_concern.Should_be_able_deploy_robot_at_given_coordinates_in_plateau_facing_given_direction" executed="True" result="Success" success="True" time="0.000" asserts="3" />
                      <test-case name="mars_rovers_project.tests.Rovers.rover_deploy_and_moves_concern.Should_be_able_deploy_robot_at_given_coordinates_in_plateau_facing_given_direction_and_instruct" executed="True" result="Success" success="True" time="0.000" asserts="3" />
                      <test-case name="mars_rovers_project.tests.Rovers.rover_deploy_and_moves_concern.Should_be_able_to_deploy_rover_at_given_coordinates" executed="True" result="Success" success="True" time="0.000" asserts="2" />
                      <test-case name="mars_rovers_project.tests.Rovers.rover_deploy_and_moves_concern.should_be_able_to_deploy_rover_at_given_coordinates_in_plateau" executed="True" result="Failure" success="False" time="0.001" asserts="0">
                        <failure>
                          <message><![CDATA[System.ArgumentOutOfRangeException was expected]]></message>
                          <stack-trace />
                        </failure>
                      </test-case>
                    </results>
                  </test-suite>
                  <test-suite type="TestFixture" name="rover_move_concern" executed="True" result="Success" success="True" time="0.010" asserts="0">
                    <results>
                      <test-case name="mars_rovers_project.tests.Rovers.rover_move_concern.should_move_rover_a_step_towards_north" executed="True" result="Success" success="True" time="0.000" asserts="1" />
                      <test-case name="mars_rovers_project.tests.Rovers.rover_move_concern.should_move_rover_towards_east" executed="True" result="Success" success="True" time="0.001" asserts="1" />
                      <test-case name="mars_rovers_project.tests.Rovers.rover_move_concern.should_move_rover_towards_south" executed="True" result="Success" success="True" time="0.000" asserts="1" />
                      <test-case name="mars_rovers_project.tests.Rovers.rover_move_concern.should_move_rover_towards_west" executed="True" result="Success" success="True" time="0.000" asserts="1" />
                    </results>
                  </test-suite>
                  <test-suite type="TestFixture" name="rover_tasks_concern" executed="True" result="Success" success="True" time="0.023" asserts="0">
                    <results>
                      <test-case name="mars_rovers_project.tests.Rovers.rover_tasks_concern.Should_spin_left" executed="True" result="Success" success="True" time="0.020" asserts="1" />
                      <test-case name="mars_rovers_project.tests.Rovers.rover_tasks_concern.Should_spin_right" executed="True" result="Success" success="True" time="0.000" asserts="1" />
                    </results>
                  </test-suite>
                </results>
              </test-suite>
              <test-suite type="Namespace" name="Shared" executed="True" result="Success" success="True" time="0.008" asserts="0">
                <results>
                  <test-suite type="TestFixture" name="spin_concern" executed="True" result="Success" success="True" time="0.007" asserts="0">
                    <results>
                      <test-case name="mars_rovers_project.tests.Shared.spin_concern.Should_move_provided_M" executed="True" result="Success" success="True" time="0.000" asserts="1" />
                      <test-case name="mars_rovers_project.tests.Shared.spin_concern.Should_spin_left_provided_L" executed="True" result="Success" success="True" time="0.000" asserts="1" />
                      <test-case name="mars_rovers_project.tests.Shared.spin_concern.Should_spin_right_provided_R" executed="True" result="Success" success="True" time="0.000" asserts="1" />
                    </results>
                  </test-suite>
                </results>
              </test-suite>
            </results>
          </test-suite>
        </results>
      </test-suite>
    </results>
  </test-suite>
</test-results>